Performing C++ SOURCE FILE Test CMAKE_HAVE_LIBC_PTHREAD failed with the following output:
Change Dir: C:/Users/Lenovo/_UNI/Programmieren/git_repos/CoMa3_projekt/code/build-Coma3_Projekt-Desktop_x86_windows_msvc2022_pe_64bit-Debug/CMakeFiles/CMakeTmp

Run Build Command(s):C:/PROGRA~1/MICROS~2/2022/COMMUN~1/Common7/IDE/COMMON~1/MICROS~1/CMake/Ninja/ninja.exe cmTC_7946e && [1/2] Building CXX object CMakeFiles\cmTC_7946e.dir\src.cxx.obj
FAILED: CMakeFiles/cmTC_7946e.dir/src.cxx.obj 
C:\PROGRA~1\MICROS~2\2022\COMMUN~1\VC\Tools\MSVC\1436~1.325\bin\HostX64\x64\cl.exe  /nologo /TP -DCMAKE_HAVE_LIBC_PTHREAD  -DQT_QML_DEBUG /DWIN32 /D_WINDOWS /W3 /GR /EHsc  /MDd /Zi /Ob0 /Od /RTC1 -std:c++17 /showIncludes /FoCMakeFiles\cmTC_7946e.dir\src.cxx.obj /FdCMakeFiles\cmTC_7946e.dir\ /FS -c C:\Users\Lenovo\_UNI\Programmieren\git_repos\CoMa3_projekt\code\build-Coma3_Projekt-Desktop_x86_windows_msvc2022_pe_64bit-Debug\CMakeFiles\CMakeTmp\src.cxx
C:\Users\Lenovo\_UNI\Programmieren\git_repos\CoMa3_projekt\code\build-Coma3_Projekt-Desktop_x86_windows_msvc2022_pe_64bit-Debug\CMakeFiles\CMakeTmp\src.cxx(1): fatal error C1083: Datei (Include) kann nicht geöffnet werden: "pthread.h": No such file or directory
ninja: build stopped: subcommand failed.


Source file was:
#include <pthread.h>

static void* test_func(void* data)
{
  return data;
}

int main(void)
{
  pthread_t thread;
  pthread_create(&thread, NULL, test_func, NULL);
  pthread_detach(thread);
  pthread_cancel(thread);
  pthread_join(thread, NULL);
  pthread_atfork(NULL, NULL, NULL);
  pthread_exit(NULL);

  return 0;
}

Determining if the function pthread_create exists in the pthreads failed with the following output:
Change Dir: C:/Users/Lenovo/_UNI/Programmieren/git_repos/CoMa3_projekt/code/build-Coma3_Projekt-Desktop_x86_windows_msvc2022_pe_64bit-Debug/CMakeFiles/CMakeTmp

Run Build Command(s):C:/PROGRA~1/MICROS~2/2022/COMMUN~1/Common7/IDE/COMMON~1/MICROS~1/CMake/Ninja/ninja.exe cmTC_e7241 && [1/2] Building CXX object CMakeFiles\cmTC_e7241.dir\CheckFunctionExists.cxx.obj
[2/2] Linking CXX executable cmTC_e7241.exe
FAILED: cmTC_e7241.exe 
cmd.exe /C "cd . && C:\Qt\Tools\CMake_64\bin\cmake.exe -E vs_link_exe --intdir=CMakeFiles\cmTC_e7241.dir --rc=C:\PROGRA~2\WI3CF2~1\10\bin\100220~1.0\x64\rc.exe --mt=C:\PROGRA~2\WI3CF2~1\10\bin\100220~1.0\x64\mt.exe --manifests  -- C:\PROGRA~1\MICROS~2\2022\COMMUN~1\VC\Tools\MSVC\1436~1.325\bin\Hostx64\x64\link.exe /nologo CMakeFiles\cmTC_e7241.dir\CheckFunctionExists.cxx.obj  /out:cmTC_e7241.exe /implib:cmTC_e7241.lib /pdb:cmTC_e7241.pdb /version:0.0 /machine:x64  /debug /INCREMENTAL /subsystem:console  pthreads.lib  kernel32.lib user32.lib gdi32.lib winspool.lib shell32.lib ole32.lib oleaut32.lib uuid.lib comdlg32.lib advapi32.lib && cd ."
LINK Pass 1: command "C:\PROGRA~1\MICROS~2\2022\COMMUN~1\VC\Tools\MSVC\1436~1.325\bin\Hostx64\x64\link.exe /nologo CMakeFiles\cmTC_e7241.dir\CheckFunctionExists.cxx.obj /out:cmTC_e7241.exe /implib:cmTC_e7241.lib /pdb:cmTC_e7241.pdb /version:0.0 /machine:x64 /debug /INCREMENTAL /subsystem:console pthreads.lib kernel32.lib user32.lib gdi32.lib winspool.lib shell32.lib ole32.lib oleaut32.lib uuid.lib comdlg32.lib advapi32.lib /MANIFEST /MANIFESTFILE:CMakeFiles\cmTC_e7241.dir/intermediate.manifest CMakeFiles\cmTC_e7241.dir/manifest.res" failed (exit code 1104) with the following output:
LINK : fatal error LNK1104: Datei "pthreads.lib" kann nicht geöffnet werden.
ninja: build stopped: subcommand failed.



Determining if the function pthread_create exists in the pthread failed with the following output:
Change Dir: C:/Users/Lenovo/_UNI/Programmieren/git_repos/CoMa3_projekt/code/build-Coma3_Projekt-Desktop_x86_windows_msvc2022_pe_64bit-Debug/CMakeFiles/CMakeTmp

Run Build Command(s):C:/PROGRA~1/MICROS~2/2022/COMMUN~1/Common7/IDE/COMMON~1/MICROS~1/CMake/Ninja/ninja.exe cmTC_8a5ee && [1/2] Building CXX object CMakeFiles\cmTC_8a5ee.dir\CheckFunctionExists.cxx.obj
[2/2] Linking CXX executable cmTC_8a5ee.exe
FAILED: cmTC_8a5ee.exe 
cmd.exe /C "cd . && C:\Qt\Tools\CMake_64\bin\cmake.exe -E vs_link_exe --intdir=CMakeFiles\cmTC_8a5ee.dir --rc=C:\PROGRA~2\WI3CF2~1\10\bin\100220~1.0\x64\rc.exe --mt=C:\PROGRA~2\WI3CF2~1\10\bin\100220~1.0\x64\mt.exe --manifests  -- C:\PROGRA~1\MICROS~2\2022\COMMUN~1\VC\Tools\MSVC\1436~1.325\bin\Hostx64\x64\link.exe /nologo CMakeFiles\cmTC_8a5ee.dir\CheckFunctionExists.cxx.obj  /out:cmTC_8a5ee.exe /implib:cmTC_8a5ee.lib /pdb:cmTC_8a5ee.pdb /version:0.0 /machine:x64  /debug /INCREMENTAL /subsystem:console  pthread.lib  kernel32.lib user32.lib gdi32.lib winspool.lib shell32.lib ole32.lib oleaut32.lib uuid.lib comdlg32.lib advapi32.lib && cd ."
LINK Pass 1: command "C:\PROGRA~1\MICROS~2\2022\COMMUN~1\VC\Tools\MSVC\1436~1.325\bin\Hostx64\x64\link.exe /nologo CMakeFiles\cmTC_8a5ee.dir\CheckFunctionExists.cxx.obj /out:cmTC_8a5ee.exe /implib:cmTC_8a5ee.lib /pdb:cmTC_8a5ee.pdb /version:0.0 /machine:x64 /debug /INCREMENTAL /subsystem:console pthread.lib kernel32.lib user32.lib gdi32.lib winspool.lib shell32.lib ole32.lib oleaut32.lib uuid.lib comdlg32.lib advapi32.lib /MANIFEST /MANIFESTFILE:CMakeFiles\cmTC_8a5ee.dir/intermediate.manifest CMakeFiles\cmTC_8a5ee.dir/manifest.res" failed (exit code 1104) with the following output:
LINK : fatal error LNK1104: Datei "pthread.lib" kann nicht geöffnet werden.
ninja: build stopped: subcommand failed.



